{
  "stats": {
    "suites": 1,
    "tests": 1,
    "passes": 1,
    "pending": 0,
    "failures": 0,
    "start": "2022-08-02T17:06:14.089Z",
    "end": "2022-08-02T17:06:29.772Z",
    "duration": 15683,
    "testsRegistered": 1,
    "passPercent": 100,
    "pendingPercent": 0,
    "other": 0,
    "hasOther": false,
    "skipped": 0,
    "hasSkipped": false
  },
  "results": [
    {
      "uuid": "1a2254b8-ba0d-45e7-ac70-ca27b417bbca",
      "title": "",
      "fullFile": "cypress/integration/SignIn/SignIn.js",
      "file": "cypress/integration/SignIn/SignIn.js",
      "beforeHooks": [],
      "afterHooks": [],
      "tests": [],
      "suites": [
        {
          "uuid": "fa803452-af62-43ee-8682-9e8f73cace1f",
          "title": "Verify the Sign In page",
          "fullFile": "",
          "file": "",
          "beforeHooks": [],
          "afterHooks": [],
          "tests": [
            {
              "title": "SignIn With New User",
              "fullTitle": "Verify the Sign In page SignIn With New User",
              "timedOut": null,
              "duration": 12981,
              "state": "passed",
              "speed": "slow",
              "pass": true,
              "fail": false,
              "pending": false,
              "context": null,
              "code": "cy.visit('https://app-traxidy.thedemo.co/login/');\nsignInPage.signInWithNewUser();",
              "err": {},
              "uuid": "43ce0995-a0fb-4535-be6b-eaa807a0bd21",
              "parentUUID": "fa803452-af62-43ee-8682-9e8f73cace1f",
              "isHook": false,
              "skipped": false
            }
          ],
          "suites": [],
          "passes": [
            "43ce0995-a0fb-4535-be6b-eaa807a0bd21"
          ],
          "failures": [],
          "pending": [],
          "skipped": [],
          "duration": 12981,
          "root": false,
          "rootEmpty": false,
          "_timeout": 2000
        }
      ],
      "passes": [],
      "failures": [],
      "pending": [],
      "skipped": [],
      "duration": 0,
      "root": true,
      "rootEmpty": true,
      "_timeout": 2000
    }
  ],
  "meta": {
    "mocha": {
      "version": "7.0.1"
    },
    "mochawesome": {
      "options": {
        "quiet": false,
        "reportFilename": "mochawesome",
        "saveHtml": true,
        "saveJson": true,
        "consoleReporter": "spec",
        "useInlineDiffs": false,
        "code": true
      },
      "version": "7.1.3"
    },
    "marge": {
      "options": null,
      "version": "6.2.0"
    }
  }
}